MainThread | __main__.py | 76 | 2021-02-14 21:08:54,354 | INFO | CLIENT_ENV: development
MAIN | __main__.py | 52 | 2021-02-14 21:08:54,355 | INFO | 
Connecting XRPL Sockets
MAIN | xrpl_socket.py | 37 | 2021-02-14 21:08:54,355 | INFO | Data Resetted
MAIN | websocket_manager.py | 41 | 2021-02-14 21:08:54,355 | INFO | Connecting...
MainThread | _internal.py | 113 | 2021-02-14 21:08:54,370 | INFO |  * Running on http://0.0.0.0:9000/ (Press CTRL+C to quit)
XRPL_MAIN | xrpl_socket.py | 47 | 2021-02-14 21:08:55,249 | INFO | Connected --> 
XRPL_MAIN | xrpl_socket.py | 37 | 2021-02-14 21:08:55,249 | INFO | Data Resetted
XRPL_MAIN | xrpl_socket.py | 126 | 2021-02-14 21:08:55,354 | INFO | Ping Resolved: {'id': 'Opening Ping', 'result': {}, 'status': 'success', 'type': 'response'}
MAIN | __main__.py | 58 | 2021-02-14 21:08:56,262 | INFO | Subscribe to Book Offers
MAIN | xrpl_socket.py | 163 | 2021-02-14 21:08:56,263 | ERROR | KeyError('books')
XRPL_MAIN | xrpl_socket.py | 181 | 2021-02-14 21:08:56,369 | INFO | Subscribed: {'id': '3dbe0e743d775b11a46e0e1765e00fde', 'result': {'fee_base': 10, 'fee_ref': 10, 'ledger_hash': '195FA396E1A1051B2FFBA4ABA2AE4729AD6B731C38218532485710AE26F4BA9C', 'ledger_index': 61584449, 'ledger_time': 666652131, 'reserve_base': 20000000, 'reserve_inc': 5000000, 'validated_ledgers': '60859375-61584449'}, 'status': 'success', 'type': 'response'}
XRPL_MAIN | xrpl_socket.py | 103 | 2021-02-14 21:08:57,213 | INFO | Ledger Stream Respons: LedgerIndex =  61584450
XRPL_MAIN | xrpl_socket.py | 103 | 2021-02-14 21:09:01,071 | INFO | Ledger Stream Respons: LedgerIndex =  61584451
XRPL_MAIN | xrpl_socket.py | 103 | 2021-02-14 21:09:04,779 | INFO | Ledger Stream Respons: LedgerIndex =  61584452
XRPL_MAIN | xrpl_socket.py | 103 | 2021-02-14 21:09:08,773 | INFO | Ledger Stream Respons: LedgerIndex =  61584453
XRPL_MAIN | xrpl_socket.py | 103 | 2021-02-14 21:09:12,562 | INFO | Ledger Stream Respons: LedgerIndex =  61584454
XRPL_MAIN | xrpl_socket.py | 103 | 2021-02-14 21:09:16,492 | INFO | Ledger Stream Respons: LedgerIndex =  61584455
XRPL_MAIN | xrpl_socket.py | 103 | 2021-02-14 21:09:20,291 | INFO | Ledger Stream Respons: LedgerIndex =  61584456
XRPL_MAIN | xrpl_socket.py | 103 | 2021-02-14 21:09:24,247 | INFO | Ledger Stream Respons: LedgerIndex =  61584457
XRPL_MAIN | xrpl_socket.py | 103 | 2021-02-14 21:09:28,241 | INFO | Ledger Stream Respons: LedgerIndex =  61584458
XRPL_MAIN | xrpl_socket.py | 103 | 2021-02-14 21:09:32,275 | INFO | Ledger Stream Respons: LedgerIndex =  61584459
XRPL_MAIN | xrpl_socket.py | 103 | 2021-02-14 21:09:36,038 | INFO | Ledger Stream Respons: LedgerIndex =  61584460
XRPL_MAIN | xrpl_socket.py | 103 | 2021-02-14 21:09:40,236 | INFO | Ledger Stream Respons: LedgerIndex =  61584461
XRPL_MAIN | xrpl_socket.py | 103 | 2021-02-14 21:09:44,197 | INFO | Ledger Stream Respons: LedgerIndex =  61584462
XRPL_MAIN | xrpl_socket.py | 103 | 2021-02-14 21:09:48,038 | INFO | Ledger Stream Respons: LedgerIndex =  61584463
XRPL_MAIN | xrpl_socket.py | 103 | 2021-02-14 21:09:52,041 | INFO | Ledger Stream Respons: LedgerIndex =  61584464
XRPL_MAIN | xrpl_socket.py | 103 | 2021-02-14 21:09:56,002 | INFO | Ledger Stream Respons: LedgerIndex =  61584465
XRPL_MAIN | xrpl_socket.py | 103 | 2021-02-14 21:10:00,026 | INFO | Ledger Stream Respons: LedgerIndex =  61584466
XRPL_MAIN | xrpl_socket.py | 103 | 2021-02-14 21:10:03,876 | INFO | Ledger Stream Respons: LedgerIndex =  61584467
XRPL_MAIN | xrpl_socket.py | 103 | 2021-02-14 21:10:07,678 | INFO | Ledger Stream Respons: LedgerIndex =  61584468
XRPL_MAIN | xrpl_socket.py | 103 | 2021-02-14 21:10:11,561 | INFO | Ledger Stream Respons: LedgerIndex =  61584469
XRPL_MAIN | xrpl_socket.py | 103 | 2021-02-14 21:10:15,552 | INFO | Ledger Stream Respons: LedgerIndex =  61584470
XRPL_MAIN | xrpl_socket.py | 103 | 2021-02-14 21:10:19,460 | INFO | Ledger Stream Respons: LedgerIndex =  61584471
XRPL_MAIN | xrpl_socket.py | 103 | 2021-02-14 21:10:23,386 | INFO | Ledger Stream Respons: LedgerIndex =  61584472
XRPL_MAIN | xrpl_socket.py | 103 | 2021-02-14 21:10:27,587 | INFO | Ledger Stream Respons: LedgerIndex =  61584473
XRPL_MAIN | xrpl_socket.py | 103 | 2021-02-14 21:10:31,081 | INFO | Ledger Stream Respons: LedgerIndex =  61584474
XRPL_MAIN | xrpl_socket.py | 103 | 2021-02-14 21:10:35,412 | INFO | Ledger Stream Respons: LedgerIndex =  61584475
XRPL_MAIN | xrpl_socket.py | 103 | 2021-02-14 21:10:40,101 | INFO | Ledger Stream Respons: LedgerIndex =  61584476
XRPL_MAIN | xrpl_socket.py | 103 | 2021-02-14 21:10:42,834 | INFO | Ledger Stream Respons: LedgerIndex =  61584477
XRPL_MAIN | xrpl_socket.py | 103 | 2021-02-14 21:10:46,534 | INFO | Ledger Stream Respons: LedgerIndex =  61584478
XRPL_MAIN | xrpl_socket.py | 103 | 2021-02-14 21:10:50,546 | INFO | Ledger Stream Respons: LedgerIndex =  61584479
XRPL_MAIN | xrpl_socket.py | 103 | 2021-02-14 21:10:54,689 | INFO | Ledger Stream Respons: LedgerIndex =  61584480
XRPL_MAIN | xrpl_socket.py | 103 | 2021-02-14 21:10:58,091 | INFO | Ledger Stream Respons: LedgerIndex =  61584481
XRPL_MAIN | xrpl_socket.py | 103 | 2021-02-14 21:11:01,930 | INFO | Ledger Stream Respons: LedgerIndex =  61584482
XRPL_MAIN | xrpl_socket.py | 103 | 2021-02-14 21:11:05,591 | INFO | Ledger Stream Respons: LedgerIndex =  61584483
XRPL_MAIN | xrpl_socket.py | 103 | 2021-02-14 21:11:09,518 | INFO | Ledger Stream Respons: LedgerIndex =  61584484
XRPL_MAIN | xrpl_socket.py | 103 | 2021-02-14 21:11:13,377 | INFO | Ledger Stream Respons: LedgerIndex =  61584485
XRPL_MAIN | xrpl_socket.py | 103 | 2021-02-14 21:11:17,356 | INFO | Ledger Stream Respons: LedgerIndex =  61584486
XRPL_MAIN | xrpl_socket.py | 103 | 2021-02-14 21:11:20,673 | INFO | Ledger Stream Respons: LedgerIndex =  61584487
XRPL_MAIN | xrpl_socket.py | 103 | 2021-02-14 21:11:24,685 | INFO | Ledger Stream Respons: LedgerIndex =  61584488
XRPL_MAIN | xrpl_socket.py | 103 | 2021-02-14 21:11:28,687 | INFO | Ledger Stream Respons: LedgerIndex =  61584489
XRPL_MAIN | xrpl_socket.py | 103 | 2021-02-14 21:11:32,756 | INFO | Ledger Stream Respons: LedgerIndex =  61584490
XRPL_MAIN | xrpl_socket.py | 103 | 2021-02-14 21:11:36,551 | INFO | Ledger Stream Respons: LedgerIndex =  61584491
XRPL_MAIN | xrpl_socket.py | 103 | 2021-02-14 21:11:40,578 | INFO | Ledger Stream Respons: LedgerIndex =  61584492
XRPL_MAIN | xrpl_socket.py | 103 | 2021-02-14 21:11:44,376 | INFO | Ledger Stream Respons: LedgerIndex =  61584493
XRPL_MAIN | xrpl_socket.py | 103 | 2021-02-14 21:11:48,384 | INFO | Ledger Stream Respons: LedgerIndex =  61584494
XRPL_MAIN | xrpl_socket.py | 103 | 2021-02-14 21:11:52,259 | INFO | Ledger Stream Respons: LedgerIndex =  61584495
XRPL_MAIN | xrpl_socket.py | 103 | 2021-02-14 21:11:56,243 | INFO | Ledger Stream Respons: LedgerIndex =  61584496
XRPL_MAIN | xrpl_socket.py | 103 | 2021-02-14 21:12:00,074 | INFO | Ledger Stream Respons: LedgerIndex =  61584497
XRPL_MAIN | xrpl_socket.py | 103 | 2021-02-14 21:12:04,110 | INFO | Ledger Stream Respons: LedgerIndex =  61584498
XRPL_MAIN | xrpl_socket.py | 103 | 2021-02-14 21:12:08,154 | INFO | Ledger Stream Respons: LedgerIndex =  61584499
XRPL_MAIN | xrpl_socket.py | 103 | 2021-02-14 21:12:11,943 | INFO | Ledger Stream Respons: LedgerIndex =  61584500
XRPL_MAIN | xrpl_socket.py | 103 | 2021-02-14 21:12:15,754 | INFO | Ledger Stream Respons: LedgerIndex =  61584501
XRPL_MAIN | xrpl_socket.py | 103 | 2021-02-14 21:12:19,672 | INFO | Ledger Stream Respons: LedgerIndex =  61584502
XRPL_MAIN | xrpl_socket.py | 103 | 2021-02-14 21:12:23,979 | INFO | Ledger Stream Respons: LedgerIndex =  61584503
MainThread | __main__.py | 76 | 2021-02-14 21:12:37,209 | INFO | CLIENT_ENV: development
MAIN | __main__.py | 52 | 2021-02-14 21:12:37,209 | INFO | 
Connecting XRPL Sockets
MAIN | xrpl_socket.py | 37 | 2021-02-14 21:12:37,210 | INFO | Data Resetted
MAIN | websocket_manager.py | 41 | 2021-02-14 21:12:37,210 | INFO | Connecting...
MainThread | _internal.py | 113 | 2021-02-14 21:12:37,221 | INFO |  * Running on http://0.0.0.0:9000/ (Press CTRL+C to quit)
XRPL_MAIN | xrpl_socket.py | 47 | 2021-02-14 21:12:37,931 | INFO | Connected --> 
XRPL_MAIN | xrpl_socket.py | 37 | 2021-02-14 21:12:37,932 | INFO | Data Resetted
XRPL_MAIN | xrpl_socket.py | 126 | 2021-02-14 21:12:38,066 | INFO | Ping Resolved: {'id': 'Opening Ping', 'result': {}, 'status': 'success', 'type': 'response'}
MAIN | __main__.py | 58 | 2021-02-14 21:12:39,014 | INFO | Subscribe to Ledger Closes
XRPL_MAIN | xrpl_socket.py | 181 | 2021-02-14 21:12:39,080 | INFO | Subscribed: {'id': '414a253d42fa5bd49dfe0487a77d5521', 'result': {'fee_base': 10, 'fee_ref': 10, 'ledger_hash': 'BBC1BAC19B8790B14954F12F9D3E34B658924CEE46B528492FD38E78B701C5FC', 'ledger_index': 61584507, 'ledger_time': 666652360, 'reserve_base': 20000000, 'reserve_inc': 5000000, 'validated_ledgers': '60874008-61584507'}, 'status': 'success', 'type': 'response'}
XRPL_MAIN | xrpl_socket.py | 103 | 2021-02-14 21:12:42,605 | INFO | Ledger Stream Respons: LedgerIndex =  61584508
XRPL_MAIN | xrpl_socket.py | 103 | 2021-02-14 21:12:45,845 | INFO | Ledger Stream Respons: LedgerIndex =  61584509
XRPL_MAIN | xrpl_socket.py | 103 | 2021-02-14 21:12:49,682 | INFO | Ledger Stream Respons: LedgerIndex =  61584510
XRPL_MAIN | xrpl_socket.py | 103 | 2021-02-14 21:12:53,005 | INFO | Ledger Stream Respons: LedgerIndex =  61584511
XRPL_MAIN | xrpl_socket.py | 103 | 2021-02-14 21:12:56,974 | INFO | Ledger Stream Respons: LedgerIndex =  61584512
XRPL_MAIN | xrpl_socket.py | 103 | 2021-02-14 21:13:00,779 | INFO | Ledger Stream Respons: LedgerIndex =  61584513
XRPL_MAIN | xrpl_socket.py | 103 | 2021-02-14 21:13:04,696 | INFO | Ledger Stream Respons: LedgerIndex =  61584514
XRPL_MAIN | xrpl_socket.py | 103 | 2021-02-14 21:13:08,660 | INFO | Ledger Stream Respons: LedgerIndex =  61584515
XRPL_MAIN | xrpl_socket.py | 103 | 2021-02-14 21:13:12,475 | INFO | Ledger Stream Respons: LedgerIndex =  61584516
XRPL_MAIN | xrpl_socket.py | 103 | 2021-02-14 21:13:16,360 | INFO | Ledger Stream Respons: LedgerIndex =  61584517
XRPL_MAIN | xrpl_socket.py | 103 | 2021-02-14 21:13:20,310 | INFO | Ledger Stream Respons: LedgerIndex =  61584518
XRPL_MAIN | xrpl_socket.py | 103 | 2021-02-14 21:13:24,628 | INFO | Ledger Stream Respons: LedgerIndex =  61584519
XRPL_MAIN | xrpl_socket.py | 103 | 2021-02-14 21:13:28,428 | INFO | Ledger Stream Respons: LedgerIndex =  61584520
XRPL_MAIN | xrpl_socket.py | 103 | 2021-02-14 21:13:32,434 | INFO | Ledger Stream Respons: LedgerIndex =  61584521
XRPL_MAIN | xrpl_socket.py | 103 | 2021-02-14 21:13:36,426 | INFO | Ledger Stream Respons: LedgerIndex =  61584522
XRPL_MAIN | xrpl_socket.py | 103 | 2021-02-14 21:13:40,379 | INFO | Ledger Stream Respons: LedgerIndex =  61584523
XRPL_MAIN | xrpl_socket.py | 103 | 2021-02-14 21:13:44,485 | INFO | Ledger Stream Respons: LedgerIndex =  61584524
XRPL_MAIN | xrpl_socket.py | 103 | 2021-02-14 21:13:48,256 | INFO | Ledger Stream Respons: LedgerIndex =  61584525
XRPL_MAIN | xrpl_socket.py | 103 | 2021-02-14 21:13:52,224 | INFO | Ledger Stream Respons: LedgerIndex =  61584526
XRPL_MAIN | xrpl_socket.py | 103 | 2021-02-14 21:13:55,906 | INFO | Ledger Stream Respons: LedgerIndex =  61584527
XRPL_MAIN | xrpl_socket.py | 103 | 2021-02-14 21:13:59,644 | INFO | Ledger Stream Respons: LedgerIndex =  61584528
XRPL_MAIN | xrpl_socket.py | 103 | 2021-02-14 21:14:03,564 | INFO | Ledger Stream Respons: LedgerIndex =  61584529
XRPL_MAIN | xrpl_socket.py | 103 | 2021-02-14 21:14:07,492 | INFO | Ledger Stream Respons: LedgerIndex =  61584530
XRPL_MAIN | xrpl_socket.py | 103 | 2021-02-14 21:14:11,486 | INFO | Ledger Stream Respons: LedgerIndex =  61584531
XRPL_MAIN | xrpl_socket.py | 103 | 2021-02-14 21:14:15,444 | INFO | Ledger Stream Respons: LedgerIndex =  61584532
XRPL_MAIN | xrpl_socket.py | 103 | 2021-02-14 21:14:19,434 | INFO | Ledger Stream Respons: LedgerIndex =  61584533
XRPL_MAIN | xrpl_socket.py | 103 | 2021-02-14 21:14:23,426 | INFO | Ledger Stream Respons: LedgerIndex =  61584534
XRPL_MAIN | xrpl_socket.py | 103 | 2021-02-14 21:14:27,327 | INFO | Ledger Stream Respons: LedgerIndex =  61584535
XRPL_MAIN | xrpl_socket.py | 103 | 2021-02-14 21:14:31,316 | INFO | Ledger Stream Respons: LedgerIndex =  61584536
XRPL_MAIN | xrpl_socket.py | 103 | 2021-02-14 21:14:35,128 | INFO | Ledger Stream Respons: LedgerIndex =  61584537
XRPL_MAIN | xrpl_socket.py | 103 | 2021-02-14 21:14:38,637 | INFO | Ledger Stream Respons: LedgerIndex =  61584538
XRPL_MAIN | xrpl_socket.py | 103 | 2021-02-14 21:14:42,577 | INFO | Ledger Stream Respons: LedgerIndex =  61584539
XRPL_MAIN | xrpl_socket.py | 103 | 2021-02-14 21:14:46,525 | INFO | Ledger Stream Respons: LedgerIndex =  61584540
XRPL_MAIN | xrpl_socket.py | 103 | 2021-02-14 21:14:50,495 | INFO | Ledger Stream Respons: LedgerIndex =  61584541
XRPL_MAIN | xrpl_socket.py | 103 | 2021-02-14 21:14:54,510 | INFO | Ledger Stream Respons: LedgerIndex =  61584542
XRPL_MAIN | xrpl_socket.py | 103 | 2021-02-14 21:14:58,550 | INFO | Ledger Stream Respons: LedgerIndex =  61584543
XRPL_MAIN | xrpl_socket.py | 103 | 2021-02-14 21:15:02,207 | INFO | Ledger Stream Respons: LedgerIndex =  61584544
XRPL_MAIN | xrpl_socket.py | 103 | 2021-02-14 21:15:06,187 | INFO | Ledger Stream Respons: LedgerIndex =  61584545
XRPL_MAIN | xrpl_socket.py | 103 | 2021-02-14 21:15:10,187 | INFO | Ledger Stream Respons: LedgerIndex =  61584546
XRPL_MAIN | xrpl_socket.py | 103 | 2021-02-14 21:15:13,514 | INFO | Ledger Stream Respons: LedgerIndex =  61584547
XRPL_MAIN | xrpl_socket.py | 103 | 2021-02-14 21:15:17,381 | INFO | Ledger Stream Respons: LedgerIndex =  61584548
XRPL_MAIN | xrpl_socket.py | 103 | 2021-02-14 21:15:21,244 | INFO | Ledger Stream Respons: LedgerIndex =  61584549
XRPL_MAIN | xrpl_socket.py | 103 | 2021-02-14 21:15:25,249 | INFO | Ledger Stream Respons: LedgerIndex =  61584550
XRPL_MAIN | xrpl_socket.py | 103 | 2021-02-14 21:15:29,211 | INFO | Ledger Stream Respons: LedgerIndex =  61584551
XRPL_MAIN | xrpl_socket.py | 103 | 2021-02-14 21:15:33,200 | INFO | Ledger Stream Respons: LedgerIndex =  61584552
XRPL_MAIN | xrpl_socket.py | 103 | 2021-02-14 21:15:37,081 | INFO | Ledger Stream Respons: LedgerIndex =  61584553
XRPL_MAIN | xrpl_socket.py | 103 | 2021-02-14 21:15:41,093 | INFO | Ledger Stream Respons: LedgerIndex =  61584554
XRPL_MAIN | xrpl_socket.py | 103 | 2021-02-14 21:15:44,838 | INFO | Ledger Stream Respons: LedgerIndex =  61584555
XRPL_MAIN | xrpl_socket.py | 103 | 2021-02-14 21:15:48,824 | INFO | Ledger Stream Respons: LedgerIndex =  61584556
XRPL_MAIN | xrpl_socket.py | 103 | 2021-02-14 21:15:52,126 | INFO | Ledger Stream Respons: LedgerIndex =  61584557
XRPL_MAIN | xrpl_socket.py | 103 | 2021-02-14 21:15:55,925 | INFO | Ledger Stream Respons: LedgerIndex =  61584558
XRPL_MAIN | xrpl_socket.py | 103 | 2021-02-14 21:15:59,893 | INFO | Ledger Stream Respons: LedgerIndex =  61584559
XRPL_MAIN | xrpl_socket.py | 103 | 2021-02-14 21:16:03,852 | INFO | Ledger Stream Respons: LedgerIndex =  61584560
XRPL_MAIN | xrpl_socket.py | 103 | 2021-02-14 21:16:07,876 | INFO | Ledger Stream Respons: LedgerIndex =  61584561
XRPL_MAIN | xrpl_socket.py | 103 | 2021-02-14 21:16:11,839 | INFO | Ledger Stream Respons: LedgerIndex =  61584562
XRPL_MAIN | xrpl_socket.py | 103 | 2021-02-14 21:16:15,129 | INFO | Ledger Stream Respons: LedgerIndex =  61584563
XRPL_MAIN | xrpl_socket.py | 103 | 2021-02-14 21:16:18,983 | INFO | Ledger Stream Respons: LedgerIndex =  61584564
XRPL_MAIN | xrpl_socket.py | 103 | 2021-02-14 21:16:22,986 | INFO | Ledger Stream Respons: LedgerIndex =  61584565
XRPL_MAIN | xrpl_socket.py | 103 | 2021-02-14 21:16:26,833 | INFO | Ledger Stream Respons: LedgerIndex =  61584566
XRPL_MAIN | xrpl_socket.py | 103 | 2021-02-14 21:16:30,903 | INFO | Ledger Stream Respons: LedgerIndex =  61584567
XRPL_MAIN | xrpl_socket.py | 103 | 2021-02-14 21:16:34,180 | INFO | Ledger Stream Respons: LedgerIndex =  61584568
XRPL_MAIN | xrpl_socket.py | 103 | 2021-02-14 21:16:38,187 | INFO | Ledger Stream Respons: LedgerIndex =  61584569
XRPL_MAIN | xrpl_socket.py | 103 | 2021-02-14 21:16:42,022 | INFO | Ledger Stream Respons: LedgerIndex =  61584570
XRPL_MAIN | xrpl_socket.py | 103 | 2021-02-14 21:16:45,381 | INFO | Ledger Stream Respons: LedgerIndex =  61584571
XRPL_MAIN | xrpl_socket.py | 103 | 2021-02-14 21:16:49,327 | INFO | Ledger Stream Respons: LedgerIndex =  61584572
XRPL_MAIN | xrpl_socket.py | 103 | 2021-02-14 21:16:53,111 | INFO | Ledger Stream Respons: LedgerIndex =  61584573
XRPL_MAIN | xrpl_socket.py | 103 | 2021-02-14 21:16:56,986 | INFO | Ledger Stream Respons: LedgerIndex =  61584574
XRPL_MAIN | xrpl_socket.py | 103 | 2021-02-14 21:17:00,784 | INFO | Ledger Stream Respons: LedgerIndex =  61584575
XRPL_MAIN | xrpl_socket.py | 103 | 2021-02-14 21:17:04,748 | INFO | Ledger Stream Respons: LedgerIndex =  61584576
XRPL_MAIN | xrpl_socket.py | 103 | 2021-02-14 21:17:08,650 | INFO | Ledger Stream Respons: LedgerIndex =  61584577
XRPL_MAIN | xrpl_socket.py | 103 | 2021-02-14 21:17:12,499 | INFO | Ledger Stream Respons: LedgerIndex =  61584578
XRPL_MAIN | xrpl_socket.py | 103 | 2021-02-14 21:17:16,461 | INFO | Ledger Stream Respons: LedgerIndex =  61584579
XRPL_MAIN | xrpl_socket.py | 103 | 2021-02-14 21:17:20,425 | INFO | Ledger Stream Respons: LedgerIndex =  61584580
XRPL_MAIN | xrpl_socket.py | 103 | 2021-02-14 21:17:24,464 | INFO | Ledger Stream Respons: LedgerIndex =  61584581
XRPL_MAIN | xrpl_socket.py | 103 | 2021-02-14 21:17:27,678 | INFO | Ledger Stream Respons: LedgerIndex =  61584582
XRPL_MAIN | xrpl_socket.py | 103 | 2021-02-14 21:17:31,586 | INFO | Ledger Stream Respons: LedgerIndex =  61584583
MainThread | __main__.py | 76 | 2021-02-14 21:23:30,200 | INFO | CLIENT_ENV: development
MAIN | __main__.py | 52 | 2021-02-14 21:23:30,201 | INFO | 
Connecting XRPL Sockets
MAIN | xrpl_socket.py | 37 | 2021-02-14 21:23:30,207 | INFO | Data Resetted
MAIN | websocket_manager.py | 41 | 2021-02-14 21:23:30,207 | INFO | Connecting...
MainThread | _internal.py | 113 | 2021-02-14 21:23:30,219 | INFO |  * Running on http://0.0.0.0:9000/ (Press CTRL+C to quit)
XRPL_MAIN | xrpl_socket.py | 47 | 2021-02-14 21:23:33,987 | INFO | Connected --> 
XRPL_MAIN | xrpl_socket.py | 37 | 2021-02-14 21:23:33,987 | INFO | Data Resetted
XRPL_MAIN | xrpl_socket.py | 132 | 2021-02-14 21:23:34,075 | INFO | Ping Resolved: {'id': 'Opening Ping', 'result': {}, 'status': 'success', 'type': 'response'}
MAIN | __main__.py | 58 | 2021-02-14 21:23:35,020 | INFO | Subscribe to Ledger Closes
XRPL_MAIN | xrpl_socket.py | 187 | 2021-02-14 21:23:35,100 | INFO | Subscribed: {'id': '24927360f42151a7a016aabe5663bf78', 'result': {'fee_base': 10, 'fee_ref': 10, 'ledger_hash': '350C54BE60A0927D9CA9912A2D514579C4BC3D9B2C2C33A26147DB8DCF936097', 'ledger_index': 61584676, 'ledger_time': 666653011, 'reserve_base': 20000000, 'reserve_inc': 5000000, 'validated_ledgers': '60874008-61584676'}, 'status': 'success', 'type': 'response'}
XRPL_MAIN | websocket_manager.py | 68 | 2021-02-14 21:23:37,748 | ERROR | 'Globals' object has no attribute 'starting_ledger_index'
Traceback (most recent call last):
  File "/root/client/server/socket_clients/websocket_manager.py", line 66, in wrapped_f
    f(ws, *args, **kwargs)
  File "/root/client/server/socket_clients/xrpl_socket.py", line 82, in _on_message
    if not self.GLOBALS.starting_ledger_index:
AttributeError: 'Globals' object has no attribute 'starting_ledger_index'
XRPL_MAIN | websocket_manager.py | 68 | 2021-02-14 21:23:41,292 | ERROR | 'Globals' object has no attribute 'starting_ledger_index'
Traceback (most recent call last):
  File "/root/client/server/socket_clients/websocket_manager.py", line 66, in wrapped_f
    f(ws, *args, **kwargs)
  File "/root/client/server/socket_clients/xrpl_socket.py", line 82, in _on_message
    if not self.GLOBALS.starting_ledger_index:
AttributeError: 'Globals' object has no attribute 'starting_ledger_index'
XRPL_MAIN | websocket_manager.py | 68 | 2021-02-14 21:23:45,060 | ERROR | 'Globals' object has no attribute 'starting_ledger_index'
Traceback (most recent call last):
  File "/root/client/server/socket_clients/websocket_manager.py", line 66, in wrapped_f
    f(ws, *args, **kwargs)
  File "/root/client/server/socket_clients/xrpl_socket.py", line 82, in _on_message
    if not self.GLOBALS.starting_ledger_index:
AttributeError: 'Globals' object has no attribute 'starting_ledger_index'
XRPL_MAIN | websocket_manager.py | 68 | 2021-02-14 21:23:48,879 | ERROR | 'Globals' object has no attribute 'starting_ledger_index'
Traceback (most recent call last):
  File "/root/client/server/socket_clients/websocket_manager.py", line 66, in wrapped_f
    f(ws, *args, **kwargs)
  File "/root/client/server/socket_clients/xrpl_socket.py", line 82, in _on_message
    if not self.GLOBALS.starting_ledger_index:
AttributeError: 'Globals' object has no attribute 'starting_ledger_index'
XRPL_MAIN | websocket_manager.py | 68 | 2021-02-14 21:23:52,859 | ERROR | 'Globals' object has no attribute 'starting_ledger_index'
Traceback (most recent call last):
  File "/root/client/server/socket_clients/websocket_manager.py", line 66, in wrapped_f
    f(ws, *args, **kwargs)
  File "/root/client/server/socket_clients/xrpl_socket.py", line 82, in _on_message
    if not self.GLOBALS.starting_ledger_index:
AttributeError: 'Globals' object has no attribute 'starting_ledger_index'
XRPL_MAIN | websocket_manager.py | 68 | 2021-02-14 21:23:56,731 | ERROR | 'Globals' object has no attribute 'starting_ledger_index'
Traceback (most recent call last):
  File "/root/client/server/socket_clients/websocket_manager.py", line 66, in wrapped_f
    f(ws, *args, **kwargs)
  File "/root/client/server/socket_clients/xrpl_socket.py", line 82, in _on_message
    if not self.GLOBALS.starting_ledger_index:
AttributeError: 'Globals' object has no attribute 'starting_ledger_index'
XRPL_MAIN | websocket_manager.py | 68 | 2021-02-14 21:24:00,069 | ERROR | 'Globals' object has no attribute 'starting_ledger_index'
Traceback (most recent call last):
  File "/root/client/server/socket_clients/websocket_manager.py", line 66, in wrapped_f
    f(ws, *args, **kwargs)
  File "/root/client/server/socket_clients/xrpl_socket.py", line 82, in _on_message
    if not self.GLOBALS.starting_ledger_index:
AttributeError: 'Globals' object has no attribute 'starting_ledger_index'
XRPL_MAIN | websocket_manager.py | 68 | 2021-02-14 21:24:04,075 | ERROR | 'Globals' object has no attribute 'starting_ledger_index'
Traceback (most recent call last):
  File "/root/client/server/socket_clients/websocket_manager.py", line 66, in wrapped_f
    f(ws, *args, **kwargs)
  File "/root/client/server/socket_clients/xrpl_socket.py", line 82, in _on_message
    if not self.GLOBALS.starting_ledger_index:
AttributeError: 'Globals' object has no attribute 'starting_ledger_index'
XRPL_MAIN | websocket_manager.py | 68 | 2021-02-14 21:24:07,721 | ERROR | 'Globals' object has no attribute 'starting_ledger_index'
Traceback (most recent call last):
  File "/root/client/server/socket_clients/websocket_manager.py", line 66, in wrapped_f
    f(ws, *args, **kwargs)
  File "/root/client/server/socket_clients/xrpl_socket.py", line 82, in _on_message
    if not self.GLOBALS.starting_ledger_index:
AttributeError: 'Globals' object has no attribute 'starting_ledger_index'
XRPL_MAIN | websocket_manager.py | 68 | 2021-02-14 21:24:11,779 | ERROR | 'Globals' object has no attribute 'starting_ledger_index'
Traceback (most recent call last):
  File "/root/client/server/socket_clients/websocket_manager.py", line 66, in wrapped_f
    f(ws, *args, **kwargs)
  File "/root/client/server/socket_clients/xrpl_socket.py", line 82, in _on_message
    if not self.GLOBALS.starting_ledger_index:
AttributeError: 'Globals' object has no attribute 'starting_ledger_index'
MainThread | __main__.py | 76 | 2021-02-14 21:27:07,934 | INFO | CLIENT_ENV: development
MAIN | __main__.py | 52 | 2021-02-14 21:27:07,934 | INFO | 
Connecting XRPL Sockets
MAIN | xrpl_socket.py | 37 | 2021-02-14 21:27:07,934 | INFO | Data Resetted
MAIN | websocket_manager.py | 41 | 2021-02-14 21:27:07,934 | INFO | Connecting...
MainThread | _internal.py | 113 | 2021-02-14 21:27:07,952 | INFO |  * Running on http://0.0.0.0:9000/ (Press CTRL+C to quit)
XRPL_MAIN | xrpl_socket.py | 47 | 2021-02-14 21:27:08,634 | INFO | Connected --> 
XRPL_MAIN | xrpl_socket.py | 37 | 2021-02-14 21:27:08,634 | INFO | Data Resetted
XRPL_MAIN | xrpl_socket.py | 133 | 2021-02-14 21:27:08,693 | INFO | Ping Resolved: {'id': 'Opening Ping', 'result': {}, 'status': 'success', 'type': 'response'}
MAIN | __main__.py | 58 | 2021-02-14 21:27:09,639 | INFO | Subscribe to Ledger Closes
XRPL_MAIN | xrpl_socket.py | 188 | 2021-02-14 21:27:09,697 | INFO | Subscribed: {'id': '14c0896a2e30583581eba20ce562f766', 'result': {'fee_base': 10, 'fee_ref': 10, 'ledger_hash': '63D481A43E1A44A4F6C166ECE9EA8CC0AE99E792580ADF44B1F5E894DA8A0839', 'ledger_index': 61584731, 'ledger_time': 666653230, 'reserve_base': 20000000, 'reserve_inc': 5000000, 'validated_ledgers': '60598758-61584731'}, 'status': 'success', 'type': 'response'}
XRPL_MAIN | xrpl_socket.py | 109 | 2021-02-14 21:27:12,257 | INFO | Ledger Stream Response: Starting Ledger Index =  61584732
XRPL_MAIN | xrpl_socket.py | 110 | 2021-02-14 21:27:12,262 | INFO | Ledger Stream Response: Current Ledger Index =  61584732
XRPL_MAIN | xrpl_socket.py | 109 | 2021-02-14 21:27:15,878 | INFO | Ledger Stream Response: Starting Ledger Index =  61584732
XRPL_MAIN | xrpl_socket.py | 110 | 2021-02-14 21:27:15,884 | INFO | Ledger Stream Response: Current Ledger Index =  61584733
XRPL_MAIN | xrpl_socket.py | 109 | 2021-02-14 21:27:19,882 | INFO | Ledger Stream Response: Starting Ledger Index =  61584732
XRPL_MAIN | xrpl_socket.py | 110 | 2021-02-14 21:27:19,897 | INFO | Ledger Stream Response: Current Ledger Index =  61584734
XRPL_MAIN | xrpl_socket.py | 109 | 2021-02-14 21:27:23,786 | INFO | Ledger Stream Response: Starting Ledger Index =  61584732
XRPL_MAIN | xrpl_socket.py | 110 | 2021-02-14 21:27:23,786 | INFO | Ledger Stream Response: Current Ledger Index =  61584735
XRPL_MAIN | xrpl_socket.py | 109 | 2021-02-14 21:27:27,712 | INFO | Ledger Stream Response: Starting Ledger Index =  61584732
XRPL_MAIN | xrpl_socket.py | 110 | 2021-02-14 21:27:27,723 | INFO | Ledger Stream Response: Current Ledger Index =  61584736
XRPL_MAIN | xrpl_socket.py | 109 | 2021-02-14 21:27:31,691 | INFO | Ledger Stream Response: Starting Ledger Index =  61584732
XRPL_MAIN | xrpl_socket.py | 110 | 2021-02-14 21:27:31,691 | INFO | Ledger Stream Response: Current Ledger Index =  61584737
XRPL_MAIN | xrpl_socket.py | 109 | 2021-02-14 21:27:35,439 | INFO | Ledger Stream Response: Starting Ledger Index =  61584732
XRPL_MAIN | xrpl_socket.py | 110 | 2021-02-14 21:27:35,446 | INFO | Ledger Stream Response: Current Ledger Index =  61584738
XRPL_MAIN | xrpl_socket.py | 109 | 2021-02-14 21:27:39,340 | INFO | Ledger Stream Response: Starting Ledger Index =  61584732
XRPL_MAIN | xrpl_socket.py | 110 | 2021-02-14 21:27:39,351 | INFO | Ledger Stream Response: Current Ledger Index =  61584739
XRPL_MAIN | xrpl_socket.py | 109 | 2021-02-14 21:27:43,159 | INFO | Ledger Stream Response: Starting Ledger Index =  61584732
XRPL_MAIN | xrpl_socket.py | 110 | 2021-02-14 21:27:43,169 | INFO | Ledger Stream Response: Current Ledger Index =  61584740
XRPL_MAIN | xrpl_socket.py | 109 | 2021-02-14 21:27:47,121 | INFO | Ledger Stream Response: Starting Ledger Index =  61584732
XRPL_MAIN | xrpl_socket.py | 110 | 2021-02-14 21:27:47,131 | INFO | Ledger Stream Response: Current Ledger Index =  61584741
XRPL_MAIN | xrpl_socket.py | 109 | 2021-02-14 21:27:51,157 | INFO | Ledger Stream Response: Starting Ledger Index =  61584732
XRPL_MAIN | xrpl_socket.py | 110 | 2021-02-14 21:27:51,168 | INFO | Ledger Stream Response: Current Ledger Index =  61584742
XRPL_MAIN | xrpl_socket.py | 109 | 2021-02-14 21:27:55,133 | INFO | Ledger Stream Response: Starting Ledger Index =  61584732
XRPL_MAIN | xrpl_socket.py | 110 | 2021-02-14 21:27:55,139 | INFO | Ledger Stream Response: Current Ledger Index =  61584743
XRPL_MAIN | xrpl_socket.py | 109 | 2021-02-14 21:27:59,067 | INFO | Ledger Stream Response: Starting Ledger Index =  61584732
XRPL_MAIN | xrpl_socket.py | 110 | 2021-02-14 21:27:59,078 | INFO | Ledger Stream Response: Current Ledger Index =  61584744
XRPL_MAIN | xrpl_socket.py | 109 | 2021-02-14 21:28:02,952 | INFO | Ledger Stream Response: Starting Ledger Index =  61584732
XRPL_MAIN | xrpl_socket.py | 110 | 2021-02-14 21:28:02,957 | INFO | Ledger Stream Response: Current Ledger Index =  61584745
XRPL_MAIN | xrpl_socket.py | 109 | 2021-02-14 21:28:06,830 | INFO | Ledger Stream Response: Starting Ledger Index =  61584732
XRPL_MAIN | xrpl_socket.py | 110 | 2021-02-14 21:28:06,841 | INFO | Ledger Stream Response: Current Ledger Index =  61584746
XRPL_MAIN | xrpl_socket.py | 109 | 2021-02-14 21:28:10,662 | INFO | Ledger Stream Response: Starting Ledger Index =  61584732
XRPL_MAIN | xrpl_socket.py | 110 | 2021-02-14 21:28:10,673 | INFO | Ledger Stream Response: Current Ledger Index =  61584747
XRPL_MAIN | xrpl_socket.py | 109 | 2021-02-14 21:28:14,566 | INFO | Ledger Stream Response: Starting Ledger Index =  61584732
XRPL_MAIN | xrpl_socket.py | 110 | 2021-02-14 21:28:14,576 | INFO | Ledger Stream Response: Current Ledger Index =  61584748
XRPL_MAIN | xrpl_socket.py | 109 | 2021-02-14 21:28:18,460 | INFO | Ledger Stream Response: Starting Ledger Index =  61584732
XRPL_MAIN | xrpl_socket.py | 110 | 2021-02-14 21:28:18,466 | INFO | Ledger Stream Response: Current Ledger Index =  61584749
XRPL_MAIN | xrpl_socket.py | 109 | 2021-02-14 21:28:22,359 | INFO | Ledger Stream Response: Starting Ledger Index =  61584732
XRPL_MAIN | xrpl_socket.py | 110 | 2021-02-14 21:28:22,371 | INFO | Ledger Stream Response: Current Ledger Index =  61584750
XRPL_MAIN | xrpl_socket.py | 109 | 2021-02-14 21:28:26,245 | INFO | Ledger Stream Response: Starting Ledger Index =  61584732
XRPL_MAIN | xrpl_socket.py | 110 | 2021-02-14 21:28:26,257 | INFO | Ledger Stream Response: Current Ledger Index =  61584751
XRPL_MAIN | xrpl_socket.py | 109 | 2021-02-14 21:28:30,089 | INFO | Ledger Stream Response: Starting Ledger Index =  61584732
XRPL_MAIN | xrpl_socket.py | 110 | 2021-02-14 21:28:30,100 | INFO | Ledger Stream Response: Current Ledger Index =  61584752
XRPL_MAIN | xrpl_socket.py | 109 | 2021-02-14 21:28:34,234 | INFO | Ledger Stream Response: Starting Ledger Index =  61584732
XRPL_MAIN | xrpl_socket.py | 110 | 2021-02-14 21:28:34,244 | INFO | Ledger Stream Response: Current Ledger Index =  61584753
XRPL_MAIN | xrpl_socket.py | 109 | 2021-02-14 21:28:38,025 | INFO | Ledger Stream Response: Starting Ledger Index =  61584732
XRPL_MAIN | xrpl_socket.py | 110 | 2021-02-14 21:28:38,030 | INFO | Ledger Stream Response: Current Ledger Index =  61584754
XRPL_MAIN | xrpl_socket.py | 109 | 2021-02-14 21:28:42,040 | INFO | Ledger Stream Response: Starting Ledger Index =  61584732
XRPL_MAIN | xrpl_socket.py | 110 | 2021-02-14 21:28:42,050 | INFO | Ledger Stream Response: Current Ledger Index =  61584755
XRPL_MAIN | xrpl_socket.py | 109 | 2021-02-14 21:28:45,234 | INFO | Ledger Stream Response: Starting Ledger Index =  61584732
XRPL_MAIN | xrpl_socket.py | 110 | 2021-02-14 21:28:45,240 | INFO | Ledger Stream Response: Current Ledger Index =  61584756
XRPL_MAIN | xrpl_socket.py | 109 | 2021-02-14 21:28:49,261 | INFO | Ledger Stream Response: Starting Ledger Index =  61584732
XRPL_MAIN | xrpl_socket.py | 110 | 2021-02-14 21:28:49,272 | INFO | Ledger Stream Response: Current Ledger Index =  61584757
XRPL_MAIN | xrpl_socket.py | 109 | 2021-02-14 21:28:53,276 | INFO | Ledger Stream Response: Starting Ledger Index =  61584732
XRPL_MAIN | xrpl_socket.py | 110 | 2021-02-14 21:28:53,287 | INFO | Ledger Stream Response: Current Ledger Index =  61584758
XRPL_MAIN | xrpl_socket.py | 109 | 2021-02-14 21:28:57,298 | INFO | Ledger Stream Response: Starting Ledger Index =  61584732
XRPL_MAIN | xrpl_socket.py | 110 | 2021-02-14 21:28:57,309 | INFO | Ledger Stream Response: Current Ledger Index =  61584759
XRPL_MAIN | xrpl_socket.py | 109 | 2021-02-14 21:29:01,244 | INFO | Ledger Stream Response: Starting Ledger Index =  61584732
XRPL_MAIN | xrpl_socket.py | 110 | 2021-02-14 21:29:01,249 | INFO | Ledger Stream Response: Current Ledger Index =  61584760
XRPL_MAIN | xrpl_socket.py | 109 | 2021-02-14 21:29:05,299 | INFO | Ledger Stream Response: Starting Ledger Index =  61584732
XRPL_MAIN | xrpl_socket.py | 110 | 2021-02-14 21:29:05,305 | INFO | Ledger Stream Response: Current Ledger Index =  61584761
XRPL_MAIN | xrpl_socket.py | 109 | 2021-02-14 21:29:09,275 | INFO | Ledger Stream Response: Starting Ledger Index =  61584732
XRPL_MAIN | xrpl_socket.py | 110 | 2021-02-14 21:29:09,292 | INFO | Ledger Stream Response: Current Ledger Index =  61584762
XRPL_MAIN | xrpl_socket.py | 109 | 2021-02-14 21:29:13,315 | INFO | Ledger Stream Response: Starting Ledger Index =  61584732
XRPL_MAIN | xrpl_socket.py | 110 | 2021-02-14 21:29:13,315 | INFO | Ledger Stream Response: Current Ledger Index =  61584763
XRPL_MAIN | xrpl_socket.py | 109 | 2021-02-14 21:29:17,304 | INFO | Ledger Stream Response: Starting Ledger Index =  61584732
XRPL_MAIN | xrpl_socket.py | 110 | 2021-02-14 21:29:17,309 | INFO | Ledger Stream Response: Current Ledger Index =  61584764
XRPL_MAIN | xrpl_socket.py | 109 | 2021-02-14 21:29:21,309 | INFO | Ledger Stream Response: Starting Ledger Index =  61584732
XRPL_MAIN | xrpl_socket.py | 110 | 2021-02-14 21:29:21,315 | INFO | Ledger Stream Response: Current Ledger Index =  61584765
XRPL_MAIN | xrpl_socket.py | 109 | 2021-02-14 21:29:25,299 | INFO | Ledger Stream Response: Starting Ledger Index =  61584732
XRPL_MAIN | xrpl_socket.py | 110 | 2021-02-14 21:29:25,306 | INFO | Ledger Stream Response: Current Ledger Index =  61584766
XRPL_MAIN | xrpl_socket.py | 109 | 2021-02-14 21:29:29,320 | INFO | Ledger Stream Response: Starting Ledger Index =  61584732
XRPL_MAIN | xrpl_socket.py | 110 | 2021-02-14 21:29:29,331 | INFO | Ledger Stream Response: Current Ledger Index =  61584767
XRPL_MAIN | xrpl_socket.py | 109 | 2021-02-14 21:29:33,240 | INFO | Ledger Stream Response: Starting Ledger Index =  61584732
XRPL_MAIN | xrpl_socket.py | 110 | 2021-02-14 21:29:33,250 | INFO | Ledger Stream Response: Current Ledger Index =  61584768
XRPL_MAIN | xrpl_socket.py | 109 | 2021-02-14 21:29:37,162 | INFO | Ledger Stream Response: Starting Ledger Index =  61584732
XRPL_MAIN | xrpl_socket.py | 110 | 2021-02-14 21:29:37,173 | INFO | Ledger Stream Response: Current Ledger Index =  61584769
XRPL_MAIN | xrpl_socket.py | 109 | 2021-02-14 21:29:41,164 | INFO | Ledger Stream Response: Starting Ledger Index =  61584732
XRPL_MAIN | xrpl_socket.py | 110 | 2021-02-14 21:29:41,170 | INFO | Ledger Stream Response: Current Ledger Index =  61584770
XRPL_MAIN | xrpl_socket.py | 109 | 2021-02-14 21:29:45,162 | INFO | Ledger Stream Response: Starting Ledger Index =  61584732
XRPL_MAIN | xrpl_socket.py | 110 | 2021-02-14 21:29:45,168 | INFO | Ledger Stream Response: Current Ledger Index =  61584771
XRPL_MAIN | xrpl_socket.py | 109 | 2021-02-14 21:29:49,090 | INFO | Ledger Stream Response: Starting Ledger Index =  61584732
XRPL_MAIN | xrpl_socket.py | 110 | 2021-02-14 21:29:49,095 | INFO | Ledger Stream Response: Current Ledger Index =  61584772
XRPL_MAIN | xrpl_socket.py | 109 | 2021-02-14 21:29:53,109 | INFO | Ledger Stream Response: Starting Ledger Index =  61584732
XRPL_MAIN | xrpl_socket.py | 110 | 2021-02-14 21:29:53,121 | INFO | Ledger Stream Response: Current Ledger Index =  61584773
XRPL_MAIN | xrpl_socket.py | 109 | 2021-02-14 21:29:57,110 | INFO | Ledger Stream Response: Starting Ledger Index =  61584732
XRPL_MAIN | xrpl_socket.py | 110 | 2021-02-14 21:29:57,115 | INFO | Ledger Stream Response: Current Ledger Index =  61584774
XRPL_MAIN | xrpl_socket.py | 109 | 2021-02-14 21:30:01,164 | INFO | Ledger Stream Response: Starting Ledger Index =  61584732
XRPL_MAIN | xrpl_socket.py | 110 | 2021-02-14 21:30:01,175 | INFO | Ledger Stream Response: Current Ledger Index =  61584775
XRPL_MAIN | xrpl_socket.py | 109 | 2021-02-14 21:30:05,209 | INFO | Ledger Stream Response: Starting Ledger Index =  61584732
XRPL_MAIN | xrpl_socket.py | 110 | 2021-02-14 21:30:05,215 | INFO | Ledger Stream Response: Current Ledger Index =  61584776
XRPL_MAIN | xrpl_socket.py | 109 | 2021-02-14 21:30:09,182 | INFO | Ledger Stream Response: Starting Ledger Index =  61584732
XRPL_MAIN | xrpl_socket.py | 110 | 2021-02-14 21:30:09,188 | INFO | Ledger Stream Response: Current Ledger Index =  61584777
XRPL_MAIN | xrpl_socket.py | 109 | 2021-02-14 21:30:13,148 | INFO | Ledger Stream Response: Starting Ledger Index =  61584732
XRPL_MAIN | xrpl_socket.py | 110 | 2021-02-14 21:30:13,159 | INFO | Ledger Stream Response: Current Ledger Index =  61584778
XRPL_MAIN | xrpl_socket.py | 109 | 2021-02-14 21:30:17,187 | INFO | Ledger Stream Response: Starting Ledger Index =  61584732
XRPL_MAIN | xrpl_socket.py | 110 | 2021-02-14 21:30:17,193 | INFO | Ledger Stream Response: Current Ledger Index =  61584779
XRPL_MAIN | xrpl_socket.py | 109 | 2021-02-14 21:30:21,149 | INFO | Ledger Stream Response: Starting Ledger Index =  61584732
XRPL_MAIN | xrpl_socket.py | 110 | 2021-02-14 21:30:21,155 | INFO | Ledger Stream Response: Current Ledger Index =  61584780
XRPL_MAIN | xrpl_socket.py | 109 | 2021-02-14 21:30:25,167 | INFO | Ledger Stream Response: Starting Ledger Index =  61584732
XRPL_MAIN | xrpl_socket.py | 110 | 2021-02-14 21:30:25,178 | INFO | Ledger Stream Response: Current Ledger Index =  61584781
XRPL_MAIN | xrpl_socket.py | 109 | 2021-02-14 21:30:29,209 | INFO | Ledger Stream Response: Starting Ledger Index =  61584732
XRPL_MAIN | xrpl_socket.py | 110 | 2021-02-14 21:30:29,220 | INFO | Ledger Stream Response: Current Ledger Index =  61584782
XRPL_MAIN | xrpl_socket.py | 109 | 2021-02-14 21:30:33,141 | INFO | Ledger Stream Response: Starting Ledger Index =  61584732
XRPL_MAIN | xrpl_socket.py | 110 | 2021-02-14 21:30:33,146 | INFO | Ledger Stream Response: Current Ledger Index =  61584783
XRPL_MAIN | xrpl_socket.py | 109 | 2021-02-14 21:30:37,130 | INFO | Ledger Stream Response: Starting Ledger Index =  61584732
XRPL_MAIN | xrpl_socket.py | 110 | 2021-02-14 21:30:37,141 | INFO | Ledger Stream Response: Current Ledger Index =  61584784
XRPL_MAIN | xrpl_socket.py | 109 | 2021-02-14 21:30:40,861 | INFO | Ledger Stream Response: Starting Ledger Index =  61584732
XRPL_MAIN | xrpl_socket.py | 110 | 2021-02-14 21:30:40,866 | INFO | Ledger Stream Response: Current Ledger Index =  61584785
XRPL_MAIN | xrpl_socket.py | 109 | 2021-02-14 21:30:44,621 | INFO | Ledger Stream Response: Starting Ledger Index =  61584732
XRPL_MAIN | xrpl_socket.py | 110 | 2021-02-14 21:30:44,631 | INFO | Ledger Stream Response: Current Ledger Index =  61584786
XRPL_MAIN | xrpl_socket.py | 109 | 2021-02-14 21:30:48,501 | INFO | Ledger Stream Response: Starting Ledger Index =  61584732
XRPL_MAIN | xrpl_socket.py | 110 | 2021-02-14 21:30:48,512 | INFO | Ledger Stream Response: Current Ledger Index =  61584787
XRPL_MAIN | xrpl_socket.py | 109 | 2021-02-14 21:30:52,454 | INFO | Ledger Stream Response: Starting Ledger Index =  61584732
XRPL_MAIN | xrpl_socket.py | 110 | 2021-02-14 21:30:52,465 | INFO | Ledger Stream Response: Current Ledger Index =  61584788
XRPL_MAIN | xrpl_socket.py | 109 | 2021-02-14 21:30:56,457 | INFO | Ledger Stream Response: Starting Ledger Index =  61584732
XRPL_MAIN | xrpl_socket.py | 110 | 2021-02-14 21:30:56,463 | INFO | Ledger Stream Response: Current Ledger Index =  61584789
XRPL_MAIN | xrpl_socket.py | 109 | 2021-02-14 21:30:59,665 | INFO | Ledger Stream Response: Starting Ledger Index =  61584732
XRPL_MAIN | xrpl_socket.py | 110 | 2021-02-14 21:30:59,676 | INFO | Ledger Stream Response: Current Ledger Index =  61584790
XRPL_MAIN | xrpl_socket.py | 109 | 2021-02-14 21:31:03,530 | INFO | Ledger Stream Response: Starting Ledger Index =  61584732
XRPL_MAIN | xrpl_socket.py | 110 | 2021-02-14 21:31:03,541 | INFO | Ledger Stream Response: Current Ledger Index =  61584791
XRPL_MAIN | xrpl_socket.py | 109 | 2021-02-14 21:31:06,791 | INFO | Ledger Stream Response: Starting Ledger Index =  61584732
XRPL_MAIN | xrpl_socket.py | 110 | 2021-02-14 21:31:06,797 | INFO | Ledger Stream Response: Current Ledger Index =  61584792
XRPL_MAIN | xrpl_socket.py | 109 | 2021-02-14 21:31:10,515 | INFO | Ledger Stream Response: Starting Ledger Index =  61584732
XRPL_MAIN | xrpl_socket.py | 110 | 2021-02-14 21:31:10,526 | INFO | Ledger Stream Response: Current Ledger Index =  61584793
XRPL_MAIN | xrpl_socket.py | 109 | 2021-02-14 21:31:14,538 | INFO | Ledger Stream Response: Starting Ledger Index =  61584732
XRPL_MAIN | xrpl_socket.py | 110 | 2021-02-14 21:31:14,548 | INFO | Ledger Stream Response: Current Ledger Index =  61584794
XRPL_MAIN | xrpl_socket.py | 109 | 2021-02-14 21:31:18,477 | INFO | Ledger Stream Response: Starting Ledger Index =  61584732
XRPL_MAIN | xrpl_socket.py | 110 | 2021-02-14 21:31:18,482 | INFO | Ledger Stream Response: Current Ledger Index =  61584795
XRPL_MAIN | xrpl_socket.py | 109 | 2021-02-14 21:31:22,483 | INFO | Ledger Stream Response: Starting Ledger Index =  61584732
XRPL_MAIN | xrpl_socket.py | 110 | 2021-02-14 21:31:22,494 | INFO | Ledger Stream Response: Current Ledger Index =  61584796
XRPL_MAIN | xrpl_socket.py | 109 | 2021-02-14 21:31:26,426 | INFO | Ledger Stream Response: Starting Ledger Index =  61584732
XRPL_MAIN | xrpl_socket.py | 110 | 2021-02-14 21:31:26,426 | INFO | Ledger Stream Response: Current Ledger Index =  61584797
XRPL_MAIN | xrpl_socket.py | 109 | 2021-02-14 21:31:30,491 | INFO | Ledger Stream Response: Starting Ledger Index =  61584732
XRPL_MAIN | xrpl_socket.py | 110 | 2021-02-14 21:31:30,508 | INFO | Ledger Stream Response: Current Ledger Index =  61584798
MainThread | __main__.py | 76 | 2021-02-14 21:31:56,500 | INFO | CLIENT_ENV: development
MAIN | __main__.py | 52 | 2021-02-14 21:31:56,501 | INFO | 
Connecting XRPL Sockets
MAIN | xrpl_socket.py | 37 | 2021-02-14 21:31:56,501 | INFO | Data Resetted
MAIN | websocket_manager.py | 41 | 2021-02-14 21:31:56,501 | INFO | Connecting...
MainThread | _internal.py | 113 | 2021-02-14 21:31:56,514 | INFO |  * Running on http://0.0.0.0:9000/ (Press CTRL+C to quit)
XRPL_MAIN | xrpl_socket.py | 47 | 2021-02-14 21:31:57,260 | INFO | Connected --> 
XRPL_MAIN | xrpl_socket.py | 37 | 2021-02-14 21:31:57,260 | INFO | Data Resetted
XRPL_MAIN | xrpl_socket.py | 133 | 2021-02-14 21:31:57,371 | INFO | Ping Resolved: {'id': 'Opening Ping', 'result': {}, 'status': 'success', 'type': 'response'}
MAIN | __main__.py | 58 | 2021-02-14 21:31:58,306 | INFO | Subscribe to Ledger Closes
XRPL_MAIN | xrpl_socket.py | 188 | 2021-02-14 21:31:58,382 | INFO | Subscribed: {'id': '71e365c8f7ac5a4f9a817ca413743d4a', 'result': {'fee_base': 10, 'fee_ref': 10, 'ledger_hash': '6A5EEB3770F2BF909EE0A54A639965D7771465EA10F103EBDF45921A143BE0F6', 'ledger_index': 61584805, 'ledger_time': 666653520, 'reserve_base': 20000000, 'reserve_inc': 5000000, 'validated_ledgers': '60695259-61584805'}, 'status': 'success', 'type': 'response'}
XRPL_MAIN | xrpl_socket.py | 109 | 2021-02-14 21:32:01,559 | INFO | Ledger Stream Response: Starting Ledger Index =  61584806
XRPL_MAIN | xrpl_socket.py | 110 | 2021-02-14 21:32:01,565 | INFO | Ledger Stream Response: Current Ledger Index =  61584806
XRPL_MAIN | xrpl_socket.py | 109 | 2021-02-14 21:32:05,531 | INFO | Ledger Stream Response: Starting Ledger Index =  61584806
XRPL_MAIN | xrpl_socket.py | 110 | 2021-02-14 21:32:05,542 | INFO | Ledger Stream Response: Current Ledger Index =  61584807
XRPL_MAIN | xrpl_socket.py | 109 | 2021-02-14 21:32:09,445 | INFO | Ledger Stream Response: Starting Ledger Index =  61584806
XRPL_MAIN | xrpl_socket.py | 110 | 2021-02-14 21:32:09,451 | INFO | Ledger Stream Response: Current Ledger Index =  61584808
XRPL_MAIN | xrpl_socket.py | 109 | 2021-02-14 21:32:13,465 | INFO | Ledger Stream Response: Starting Ledger Index =  61584806
XRPL_MAIN | xrpl_socket.py | 110 | 2021-02-14 21:32:13,471 | INFO | Ledger Stream Response: Current Ledger Index =  61584809
XRPL_MAIN | xrpl_socket.py | 109 | 2021-02-14 21:32:17,170 | INFO | Ledger Stream Response: Starting Ledger Index =  61584806
XRPL_MAIN | xrpl_socket.py | 110 | 2021-02-14 21:32:17,176 | INFO | Ledger Stream Response: Current Ledger Index =  61584810
XRPL_MAIN | xrpl_socket.py | 109 | 2021-02-14 21:32:20,704 | INFO | Ledger Stream Response: Starting Ledger Index =  61584806
XRPL_MAIN | xrpl_socket.py | 110 | 2021-02-14 21:32:20,715 | INFO | Ledger Stream Response: Current Ledger Index =  61584811
XRPL_MAIN | xrpl_socket.py | 109 | 2021-02-14 21:32:24,584 | INFO | Ledger Stream Response: Starting Ledger Index =  61584806
XRPL_MAIN | xrpl_socket.py | 110 | 2021-02-14 21:32:24,594 | INFO | Ledger Stream Response: Current Ledger Index =  61584812
XRPL_MAIN | xrpl_socket.py | 109 | 2021-02-14 21:32:28,596 | INFO | Ledger Stream Response: Starting Ledger Index =  61584806
XRPL_MAIN | xrpl_socket.py | 110 | 2021-02-14 21:32:28,607 | INFO | Ledger Stream Response: Current Ledger Index =  61584813
XRPL_MAIN | xrpl_socket.py | 109 | 2021-02-14 21:32:32,506 | INFO | Ledger Stream Response: Starting Ledger Index =  61584806
XRPL_MAIN | xrpl_socket.py | 110 | 2021-02-14 21:32:32,516 | INFO | Ledger Stream Response: Current Ledger Index =  61584814
XRPL_MAIN | xrpl_socket.py | 109 | 2021-02-14 21:32:36,433 | INFO | Ledger Stream Response: Starting Ledger Index =  61584806
XRPL_MAIN | xrpl_socket.py | 110 | 2021-02-14 21:32:36,444 | INFO | Ledger Stream Response: Current Ledger Index =  61584815
XRPL_MAIN | xrpl_socket.py | 109 | 2021-02-14 21:32:39,804 | INFO | Ledger Stream Response: Starting Ledger Index =  61584806
XRPL_MAIN | xrpl_socket.py | 110 | 2021-02-14 21:32:39,809 | INFO | Ledger Stream Response: Current Ledger Index =  61584816
XRPL_MAIN | xrpl_socket.py | 109 | 2021-02-14 21:32:43,661 | INFO | Ledger Stream Response: Starting Ledger Index =  61584806
XRPL_MAIN | xrpl_socket.py | 110 | 2021-02-14 21:32:43,672 | INFO | Ledger Stream Response: Current Ledger Index =  61584817
XRPL_MAIN | xrpl_socket.py | 109 | 2021-02-14 21:32:48,470 | INFO | Ledger Stream Response: Starting Ledger Index =  61584806
XRPL_MAIN | xrpl_socket.py | 110 | 2021-02-14 21:32:48,481 | INFO | Ledger Stream Response: Current Ledger Index =  61584818
XRPL_MAIN | xrpl_socket.py | 109 | 2021-02-14 21:32:51,059 | INFO | Ledger Stream Response: Starting Ledger Index =  61584806
XRPL_MAIN | xrpl_socket.py | 110 | 2021-02-14 21:32:51,074 | INFO | Ledger Stream Response: Current Ledger Index =  61584819
XRPL_MAIN | xrpl_socket.py | 109 | 2021-02-14 21:32:54,619 | INFO | Ledger Stream Response: Starting Ledger Index =  61584806
XRPL_MAIN | xrpl_socket.py | 110 | 2021-02-14 21:32:54,625 | INFO | Ledger Stream Response: Current Ledger Index =  61584820
XRPL_MAIN | xrpl_socket.py | 109 | 2021-02-14 21:32:57,586 | INFO | Ledger Stream Response: Starting Ledger Index =  61584806
XRPL_MAIN | xrpl_socket.py | 110 | 2021-02-14 21:32:57,597 | INFO | Ledger Stream Response: Current Ledger Index =  61584821
XRPL_MAIN | xrpl_socket.py | 109 | 2021-02-14 21:33:01,627 | INFO | Ledger Stream Response: Starting Ledger Index =  61584806
XRPL_MAIN | xrpl_socket.py | 110 | 2021-02-14 21:33:01,632 | INFO | Ledger Stream Response: Current Ledger Index =  61584822
XRPL_MAIN | xrpl_socket.py | 109 | 2021-02-14 21:33:05,016 | INFO | Ledger Stream Response: Starting Ledger Index =  61584806
XRPL_MAIN | xrpl_socket.py | 110 | 2021-02-14 21:33:05,026 | INFO | Ledger Stream Response: Current Ledger Index =  61584823
XRPL_MAIN | xrpl_socket.py | 109 | 2021-02-14 21:33:08,911 | INFO | Ledger Stream Response: Starting Ledger Index =  61584806
XRPL_MAIN | xrpl_socket.py | 110 | 2021-02-14 21:33:08,922 | INFO | Ledger Stream Response: Current Ledger Index =  61584824
XRPL_MAIN | xrpl_socket.py | 109 | 2021-02-14 21:33:12,681 | INFO | Ledger Stream Response: Starting Ledger Index =  61584806
XRPL_MAIN | xrpl_socket.py | 110 | 2021-02-14 21:33:12,692 | INFO | Ledger Stream Response: Current Ledger Index =  61584825
XRPL_MAIN | xrpl_socket.py | 109 | 2021-02-14 21:33:16,666 | INFO | Ledger Stream Response: Starting Ledger Index =  61584806
XRPL_MAIN | xrpl_socket.py | 110 | 2021-02-14 21:33:16,672 | INFO | Ledger Stream Response: Current Ledger Index =  61584826
XRPL_MAIN | xrpl_socket.py | 109 | 2021-02-14 21:33:20,625 | INFO | Ledger Stream Response: Starting Ledger Index =  61584806
XRPL_MAIN | xrpl_socket.py | 110 | 2021-02-14 21:33:20,637 | INFO | Ledger Stream Response: Current Ledger Index =  61584827
XRPL_MAIN | xrpl_socket.py | 109 | 2021-02-14 21:33:25,159 | INFO | Ledger Stream Response: Starting Ledger Index =  61584806
XRPL_MAIN | xrpl_socket.py | 110 | 2021-02-14 21:33:25,164 | INFO | Ledger Stream Response: Current Ledger Index =  61584828
XRPL_MAIN | xrpl_socket.py | 109 | 2021-02-14 21:33:27,765 | INFO | Ledger Stream Response: Starting Ledger Index =  61584806
XRPL_MAIN | xrpl_socket.py | 110 | 2021-02-14 21:33:27,765 | INFO | Ledger Stream Response: Current Ledger Index =  61584829
XRPL_MAIN | xrpl_socket.py | 109 | 2021-02-14 21:33:31,683 | INFO | Ledger Stream Response: Starting Ledger Index =  61584806
XRPL_MAIN | xrpl_socket.py | 110 | 2021-02-14 21:33:31,693 | INFO | Ledger Stream Response: Current Ledger Index =  61584830
XRPL_MAIN | xrpl_socket.py | 109 | 2021-02-14 21:33:35,687 | INFO | Ledger Stream Response: Starting Ledger Index =  61584806
XRPL_MAIN | xrpl_socket.py | 110 | 2021-02-14 21:33:35,693 | INFO | Ledger Stream Response: Current Ledger Index =  61584831
XRPL_MAIN | xrpl_socket.py | 109 | 2021-02-14 21:33:39,617 | INFO | Ledger Stream Response: Starting Ledger Index =  61584806
XRPL_MAIN | xrpl_socket.py | 110 | 2021-02-14 21:33:39,628 | INFO | Ledger Stream Response: Current Ledger Index =  61584832
XRPL_MAIN | xrpl_socket.py | 109 | 2021-02-14 21:33:43,400 | INFO | Ledger Stream Response: Starting Ledger Index =  61584806
XRPL_MAIN | xrpl_socket.py | 110 | 2021-02-14 21:33:43,406 | INFO | Ledger Stream Response: Current Ledger Index =  61584833
XRPL_MAIN | xrpl_socket.py | 109 | 2021-02-14 21:33:46,635 | INFO | Ledger Stream Response: Starting Ledger Index =  61584806
XRPL_MAIN | xrpl_socket.py | 110 | 2021-02-14 21:33:46,646 | INFO | Ledger Stream Response: Current Ledger Index =  61584834
XRPL_MAIN | xrpl_socket.py | 109 | 2021-02-14 21:33:50,590 | INFO | Ledger Stream Response: Starting Ledger Index =  61584806
XRPL_MAIN | xrpl_socket.py | 110 | 2021-02-14 21:33:50,600 | INFO | Ledger Stream Response: Current Ledger Index =  61584835
XRPL_MAIN | xrpl_socket.py | 109 | 2021-02-14 21:33:54,485 | INFO | Ledger Stream Response: Starting Ledger Index =  61584806
XRPL_MAIN | xrpl_socket.py | 110 | 2021-02-14 21:33:54,491 | INFO | Ledger Stream Response: Current Ledger Index =  61584836
XRPL_MAIN | xrpl_socket.py | 109 | 2021-02-14 21:33:58,463 | INFO | Ledger Stream Response: Starting Ledger Index =  61584806
XRPL_MAIN | xrpl_socket.py | 110 | 2021-02-14 21:33:58,473 | INFO | Ledger Stream Response: Current Ledger Index =  61584837
XRPL_MAIN | xrpl_socket.py | 109 | 2021-02-14 21:34:02,334 | INFO | Ledger Stream Response: Starting Ledger Index =  61584806
XRPL_MAIN | xrpl_socket.py | 110 | 2021-02-14 21:34:02,345 | INFO | Ledger Stream Response: Current Ledger Index =  61584838
XRPL_MAIN | xrpl_socket.py | 109 | 2021-02-14 21:34:06,328 | INFO | Ledger Stream Response: Starting Ledger Index =  61584806
XRPL_MAIN | xrpl_socket.py | 110 | 2021-02-14 21:34:06,339 | INFO | Ledger Stream Response: Current Ledger Index =  61584839
XRPL_MAIN | xrpl_socket.py | 109 | 2021-02-14 21:34:10,290 | INFO | Ledger Stream Response: Starting Ledger Index =  61584806
XRPL_MAIN | xrpl_socket.py | 110 | 2021-02-14 21:34:10,302 | INFO | Ledger Stream Response: Current Ledger Index =  61584840
XRPL_MAIN | xrpl_socket.py | 109 | 2021-02-14 21:34:14,188 | INFO | Ledger Stream Response: Starting Ledger Index =  61584806
XRPL_MAIN | xrpl_socket.py | 110 | 2021-02-14 21:34:14,199 | INFO | Ledger Stream Response: Current Ledger Index =  61584841
XRPL_MAIN | xrpl_socket.py | 109 | 2021-02-14 21:34:17,679 | INFO | Ledger Stream Response: Starting Ledger Index =  61584806
XRPL_MAIN | xrpl_socket.py | 110 | 2021-02-14 21:34:17,689 | INFO | Ledger Stream Response: Current Ledger Index =  61584842
XRPL_MAIN | xrpl_socket.py | 109 | 2021-02-14 21:34:21,708 | INFO | Ledger Stream Response: Starting Ledger Index =  61584806
XRPL_MAIN | xrpl_socket.py | 110 | 2021-02-14 21:34:21,719 | INFO | Ledger Stream Response: Current Ledger Index =  61584843
XRPL_MAIN | xrpl_socket.py | 109 | 2021-02-14 21:34:25,610 | INFO | Ledger Stream Response: Starting Ledger Index =  61584806
XRPL_MAIN | xrpl_socket.py | 110 | 2021-02-14 21:34:25,616 | INFO | Ledger Stream Response: Current Ledger Index =  61584844
XRPL_MAIN | xrpl_socket.py | 109 | 2021-02-14 21:34:29,543 | INFO | Ledger Stream Response: Starting Ledger Index =  61584806
XRPL_MAIN | xrpl_socket.py | 110 | 2021-02-14 21:34:29,555 | INFO | Ledger Stream Response: Current Ledger Index =  61584845
XRPL_MAIN | xrpl_socket.py | 109 | 2021-02-14 21:34:33,494 | INFO | Ledger Stream Response: Starting Ledger Index =  61584806
XRPL_MAIN | xrpl_socket.py | 110 | 2021-02-14 21:34:33,505 | INFO | Ledger Stream Response: Current Ledger Index =  61584846
XRPL_MAIN | xrpl_socket.py | 109 | 2021-02-14 21:34:37,016 | INFO | Ledger Stream Response: Starting Ledger Index =  61584806
XRPL_MAIN | xrpl_socket.py | 110 | 2021-02-14 21:34:37,027 | INFO | Ledger Stream Response: Current Ledger Index =  61584847
XRPL_MAIN | xrpl_socket.py | 109 | 2021-02-14 21:34:40,908 | INFO | Ledger Stream Response: Starting Ledger Index =  61584806
XRPL_MAIN | xrpl_socket.py | 110 | 2021-02-14 21:34:40,914 | INFO | Ledger Stream Response: Current Ledger Index =  61584848
XRPL_MAIN | xrpl_socket.py | 109 | 2021-02-14 21:34:44,867 | INFO | Ledger Stream Response: Starting Ledger Index =  61584806
XRPL_MAIN | xrpl_socket.py | 110 | 2021-02-14 21:34:44,878 | INFO | Ledger Stream Response: Current Ledger Index =  61584849
XRPL_MAIN | xrpl_socket.py | 109 | 2021-02-14 21:34:48,858 | INFO | Ledger Stream Response: Starting Ledger Index =  61584806
XRPL_MAIN | xrpl_socket.py | 110 | 2021-02-14 21:34:48,864 | INFO | Ledger Stream Response: Current Ledger Index =  61584850
XRPL_MAIN | xrpl_socket.py | 109 | 2021-02-14 21:34:52,807 | INFO | Ledger Stream Response: Starting Ledger Index =  61584806
XRPL_MAIN | xrpl_socket.py | 110 | 2021-02-14 21:34:52,813 | INFO | Ledger Stream Response: Current Ledger Index =  61584851
XRPL_MAIN | xrpl_socket.py | 109 | 2021-02-14 21:34:56,802 | INFO | Ledger Stream Response: Starting Ledger Index =  61584806
XRPL_MAIN | xrpl_socket.py | 110 | 2021-02-14 21:34:56,808 | INFO | Ledger Stream Response: Current Ledger Index =  61584852
XRPL_MAIN | xrpl_socket.py | 109 | 2021-02-14 21:35:00,961 | INFO | Ledger Stream Response: Starting Ledger Index =  61584806
XRPL_MAIN | xrpl_socket.py | 110 | 2021-02-14 21:35:00,962 | INFO | Ledger Stream Response: Current Ledger Index =  61584853
XRPL_MAIN | xrpl_socket.py | 109 | 2021-02-14 21:35:05,135 | INFO | Ledger Stream Response: Starting Ledger Index =  61584806
XRPL_MAIN | xrpl_socket.py | 110 | 2021-02-14 21:35:05,141 | INFO | Ledger Stream Response: Current Ledger Index =  61584854
XRPL_MAIN | xrpl_socket.py | 109 | 2021-02-14 21:35:08,979 | INFO | Ledger Stream Response: Starting Ledger Index =  61584806
XRPL_MAIN | xrpl_socket.py | 110 | 2021-02-14 21:35:08,991 | INFO | Ledger Stream Response: Current Ledger Index =  61584855
XRPL_MAIN | xrpl_socket.py | 109 | 2021-02-14 21:35:12,870 | INFO | Ledger Stream Response: Starting Ledger Index =  61584806
XRPL_MAIN | xrpl_socket.py | 110 | 2021-02-14 21:35:12,876 | INFO | Ledger Stream Response: Current Ledger Index =  61584856
XRPL_MAIN | xrpl_socket.py | 109 | 2021-02-14 21:35:16,829 | INFO | Ledger Stream Response: Starting Ledger Index =  61584806
XRPL_MAIN | xrpl_socket.py | 110 | 2021-02-14 21:35:16,840 | INFO | Ledger Stream Response: Current Ledger Index =  61584857
XRPL_MAIN | xrpl_socket.py | 109 | 2021-02-14 21:35:19,881 | INFO | Ledger Stream Response: Starting Ledger Index =  61584806
XRPL_MAIN | xrpl_socket.py | 110 | 2021-02-14 21:35:19,892 | INFO | Ledger Stream Response: Current Ledger Index =  61584858
XRPL_MAIN | xrpl_socket.py | 109 | 2021-02-14 21:35:23,871 | INFO | Ledger Stream Response: Starting Ledger Index =  61584806
XRPL_MAIN | xrpl_socket.py | 110 | 2021-02-14 21:35:23,877 | INFO | Ledger Stream Response: Current Ledger Index =  61584859
XRPL_MAIN | xrpl_socket.py | 109 | 2021-02-14 21:35:27,868 | INFO | Ledger Stream Response: Starting Ledger Index =  61584806
XRPL_MAIN | xrpl_socket.py | 110 | 2021-02-14 21:35:27,879 | INFO | Ledger Stream Response: Current Ledger Index =  61584860
XRPL_MAIN | xrpl_socket.py | 109 | 2021-02-14 21:35:31,865 | INFO | Ledger Stream Response: Starting Ledger Index =  61584806
XRPL_MAIN | xrpl_socket.py | 110 | 2021-02-14 21:35:31,871 | INFO | Ledger Stream Response: Current Ledger Index =  61584861
XRPL_MAIN | xrpl_socket.py | 109 | 2021-02-14 21:35:35,826 | INFO | Ledger Stream Response: Starting Ledger Index =  61584806
XRPL_MAIN | xrpl_socket.py | 110 | 2021-02-14 21:35:35,832 | INFO | Ledger Stream Response: Current Ledger Index =  61584862
XRPL_MAIN | xrpl_socket.py | 109 | 2021-02-14 21:35:39,022 | INFO | Ledger Stream Response: Starting Ledger Index =  61584806
XRPL_MAIN | xrpl_socket.py | 110 | 2021-02-14 21:35:39,028 | INFO | Ledger Stream Response: Current Ledger Index =  61584863
XRPL_MAIN | xrpl_socket.py | 109 | 2021-02-14 21:35:42,946 | INFO | Ledger Stream Response: Starting Ledger Index =  61584806
XRPL_MAIN | xrpl_socket.py | 110 | 2021-02-14 21:35:42,951 | INFO | Ledger Stream Response: Current Ledger Index =  61584864
XRPL_MAIN | xrpl_socket.py | 109 | 2021-02-14 21:35:46,956 | INFO | Ledger Stream Response: Starting Ledger Index =  61584806
XRPL_MAIN | xrpl_socket.py | 110 | 2021-02-14 21:35:46,967 | INFO | Ledger Stream Response: Current Ledger Index =  61584865
XRPL_MAIN | xrpl_socket.py | 109 | 2021-02-14 21:35:50,919 | INFO | Ledger Stream Response: Starting Ledger Index =  61584806
XRPL_MAIN | xrpl_socket.py | 110 | 2021-02-14 21:35:50,925 | INFO | Ledger Stream Response: Current Ledger Index =  61584866
XRPL_MAIN | xrpl_socket.py | 109 | 2021-02-14 21:35:54,924 | INFO | Ledger Stream Response: Starting Ledger Index =  61584806
XRPL_MAIN | xrpl_socket.py | 110 | 2021-02-14 21:35:54,935 | INFO | Ledger Stream Response: Current Ledger Index =  61584867
XRPL_MAIN | xrpl_socket.py | 109 | 2021-02-14 21:35:58,950 | INFO | Ledger Stream Response: Starting Ledger Index =  61584806
XRPL_MAIN | xrpl_socket.py | 110 | 2021-02-14 21:35:58,955 | INFO | Ledger Stream Response: Current Ledger Index =  61584868
XRPL_MAIN | xrpl_socket.py | 109 | 2021-02-14 21:36:03,017 | INFO | Ledger Stream Response: Starting Ledger Index =  61584806
XRPL_MAIN | xrpl_socket.py | 110 | 2021-02-14 21:36:03,027 | INFO | Ledger Stream Response: Current Ledger Index =  61584869
XRPL_MAIN | xrpl_socket.py | 109 | 2021-02-14 21:36:06,966 | INFO | Ledger Stream Response: Starting Ledger Index =  61584806
XRPL_MAIN | xrpl_socket.py | 110 | 2021-02-14 21:36:06,972 | INFO | Ledger Stream Response: Current Ledger Index =  61584870
XRPL_MAIN | xrpl_socket.py | 109 | 2021-02-14 21:36:10,942 | INFO | Ledger Stream Response: Starting Ledger Index =  61584806
XRPL_MAIN | xrpl_socket.py | 110 | 2021-02-14 21:36:10,958 | INFO | Ledger Stream Response: Current Ledger Index =  61584871
XRPL_MAIN | xrpl_socket.py | 109 | 2021-02-14 21:36:15,021 | INFO | Ledger Stream Response: Starting Ledger Index =  61584806
XRPL_MAIN | xrpl_socket.py | 110 | 2021-02-14 21:36:15,032 | INFO | Ledger Stream Response: Current Ledger Index =  61584872
XRPL_MAIN | xrpl_socket.py | 109 | 2021-02-14 21:36:18,679 | INFO | Ledger Stream Response: Starting Ledger Index =  61584806
XRPL_MAIN | xrpl_socket.py | 110 | 2021-02-14 21:36:18,690 | INFO | Ledger Stream Response: Current Ledger Index =  61584873
XRPL_MAIN | xrpl_socket.py | 109 | 2021-02-14 21:36:22,648 | INFO | Ledger Stream Response: Starting Ledger Index =  61584806
XRPL_MAIN | xrpl_socket.py | 110 | 2021-02-14 21:36:22,653 | INFO | Ledger Stream Response: Current Ledger Index =  61584874
XRPL_MAIN | xrpl_socket.py | 109 | 2021-02-14 21:36:26,411 | INFO | Ledger Stream Response: Starting Ledger Index =  61584806
XRPL_MAIN | xrpl_socket.py | 110 | 2021-02-14 21:36:26,422 | INFO | Ledger Stream Response: Current Ledger Index =  61584875
XRPL_MAIN | xrpl_socket.py | 109 | 2021-02-14 21:36:30,271 | INFO | Ledger Stream Response: Starting Ledger Index =  61584806
XRPL_MAIN | xrpl_socket.py | 110 | 2021-02-14 21:36:30,276 | INFO | Ledger Stream Response: Current Ledger Index =  61584876
XRPL_MAIN | xrpl_socket.py | 109 | 2021-02-14 21:36:34,088 | INFO | Ledger Stream Response: Starting Ledger Index =  61584806
XRPL_MAIN | xrpl_socket.py | 110 | 2021-02-14 21:36:34,098 | INFO | Ledger Stream Response: Current Ledger Index =  61584877
XRPL_MAIN | xrpl_socket.py | 109 | 2021-02-14 21:36:38,088 | INFO | Ledger Stream Response: Starting Ledger Index =  61584806
XRPL_MAIN | xrpl_socket.py | 110 | 2021-02-14 21:36:38,093 | INFO | Ledger Stream Response: Current Ledger Index =  61584878
XRPL_MAIN | xrpl_socket.py | 109 | 2021-02-14 21:36:42,032 | INFO | Ledger Stream Response: Starting Ledger Index =  61584806
XRPL_MAIN | xrpl_socket.py | 110 | 2021-02-14 21:36:42,037 | INFO | Ledger Stream Response: Current Ledger Index =  61584879
XRPL_MAIN | xrpl_socket.py | 109 | 2021-02-14 21:36:46,113 | INFO | Ledger Stream Response: Starting Ledger Index =  61584806
XRPL_MAIN | xrpl_socket.py | 110 | 2021-02-14 21:36:46,124 | INFO | Ledger Stream Response: Current Ledger Index =  61584880
XRPL_MAIN | xrpl_socket.py | 109 | 2021-02-14 21:36:49,963 | INFO | Ledger Stream Response: Starting Ledger Index =  61584806
XRPL_MAIN | xrpl_socket.py | 110 | 2021-02-14 21:36:49,968 | INFO | Ledger Stream Response: Current Ledger Index =  61584881
MainThread | __main__.py | 76 | 2021-02-14 21:39:25,484 | INFO | CLIENT_ENV: development
MAIN | __main__.py | 52 | 2021-02-14 21:39:25,484 | INFO | 
Connecting XRPL Sockets
MAIN | xrpl_socket.py | 37 | 2021-02-14 21:39:25,485 | INFO | Data Resetted
MAIN | websocket_manager.py | 41 | 2021-02-14 21:39:25,485 | INFO | Connecting...
MainThread | _internal.py | 113 | 2021-02-14 21:39:25,498 | INFO |  * Running on http://0.0.0.0:9000/ (Press CTRL+C to quit)
XRPL_TESTNET | xrpl_socket.py | 47 | 2021-02-14 21:39:26,819 | INFO | Connected --> 
XRPL_TESTNET | xrpl_socket.py | 37 | 2021-02-14 21:39:26,820 | INFO | Data Resetted
XRPL_TESTNET | xrpl_socket.py | 133 | 2021-02-14 21:39:27,042 | INFO | Ping Resolved: {'id': 'Opening Ping', 'result': {}, 'status': 'success', 'type': 'response'}
MAIN | __main__.py | 58 | 2021-02-14 21:39:27,891 | INFO | Subscribe to Ledger Closes
XRPL_TESTNET | xrpl_socket.py | 188 | 2021-02-14 21:39:28,041 | INFO | Subscribed: {'id': '2188f516fa3c51d98bfbbecb31b93697', 'result': {'fee_base': 10, 'fee_ref': 10, 'ledger_hash': 'E20D72053591DB8E84A4BF02CBB631CCB6183FB08219C9FD31100757D1F3819E', 'ledger_index': 14953131, 'ledger_time': 666653970, 'reserve_base': 20000000, 'reserve_inc': 5000000, 'validated_ledgers': '14703670-14953131'}, 'status': 'success', 'type': 'response'}
XRPL_TESTNET | xrpl_socket.py | 109 | 2021-02-14 21:39:30,054 | INFO | Ledger Stream Response: Starting Ledger Index =  14953132
XRPL_TESTNET | xrpl_socket.py | 110 | 2021-02-14 21:39:30,060 | INFO | Ledger Stream Response: Current Ledger Index =  14953132
XRPL_TESTNET | xrpl_socket.py | 109 | 2021-02-14 21:39:32,610 | INFO | Ledger Stream Response: Starting Ledger Index =  14953132
XRPL_TESTNET | xrpl_socket.py | 110 | 2021-02-14 21:39:32,616 | INFO | Ledger Stream Response: Current Ledger Index =  14953133
XRPL_TESTNET | xrpl_socket.py | 109 | 2021-02-14 21:39:36,063 | INFO | Ledger Stream Response: Starting Ledger Index =  14953132
XRPL_TESTNET | xrpl_socket.py | 110 | 2021-02-14 21:39:36,069 | INFO | Ledger Stream Response: Current Ledger Index =  14953134
XRPL_TESTNET | xrpl_socket.py | 109 | 2021-02-14 21:39:38,527 | INFO | Ledger Stream Response: Starting Ledger Index =  14953132
XRPL_TESTNET | xrpl_socket.py | 110 | 2021-02-14 21:39:38,533 | INFO | Ledger Stream Response: Current Ledger Index =  14953135
XRPL_TESTNET | xrpl_socket.py | 109 | 2021-02-14 21:39:42,056 | INFO | Ledger Stream Response: Starting Ledger Index =  14953132
XRPL_TESTNET | xrpl_socket.py | 110 | 2021-02-14 21:39:42,067 | INFO | Ledger Stream Response: Current Ledger Index =  14953136
XRPL_TESTNET | xrpl_socket.py | 109 | 2021-02-14 21:39:44,981 | INFO | Ledger Stream Response: Starting Ledger Index =  14953132
XRPL_TESTNET | xrpl_socket.py | 110 | 2021-02-14 21:39:44,987 | INFO | Ledger Stream Response: Current Ledger Index =  14953137
XRPL_TESTNET | xrpl_socket.py | 109 | 2021-02-14 21:39:47,632 | INFO | Ledger Stream Response: Starting Ledger Index =  14953132
XRPL_TESTNET | xrpl_socket.py | 110 | 2021-02-14 21:39:47,638 | INFO | Ledger Stream Response: Current Ledger Index =  14953138
XRPL_TESTNET | xrpl_socket.py | 109 | 2021-02-14 21:39:51,067 | INFO | Ledger Stream Response: Starting Ledger Index =  14953132
XRPL_TESTNET | xrpl_socket.py | 110 | 2021-02-14 21:39:51,073 | INFO | Ledger Stream Response: Current Ledger Index =  14953139
XRPL_TESTNET | xrpl_socket.py | 109 | 2021-02-14 21:39:54,068 | INFO | Ledger Stream Response: Starting Ledger Index =  14953132
XRPL_TESTNET | xrpl_socket.py | 110 | 2021-02-14 21:39:54,074 | INFO | Ledger Stream Response: Current Ledger Index =  14953140
XRPL_TESTNET | xrpl_socket.py | 115 | 2021-02-14 21:39:54,267 | INFO | Transaction Message{'engine_result': 'tesSUCCESS', 'engine_result_code': 0, 'engine_result_message': 'The transaction was applied. Only final in a validated ledger.', 'ledger_hash': '385801C197434E312FBA138B77B8750FA9C1554A046D1A3F8A5EE82EB0FD855E', 'ledger_index': 14953140, 'meta': {'AffectedNodes': [{'ModifiedNode': {'FinalFields': {'Account': 'rfs2EXpCMVJ6S8PX872AUuGbhxPW4e4fYu', 'Balance': '1000200000', 'Flags': 0, 'OwnerCount': 0, 'Sequence': 14952962}, 'LedgerEntryType': 'AccountRoot', 'LedgerIndex': '7397730FFBE33178C82EBDA95D5E095A71EBA62A3F9C2AC515169032D5C37F0B', 'PreviousFields': {'Balance': '1000100000'}, 'PreviousTxnID': '316CE9EED259E8C8422F27EEF7750E3B27DE8D729A8BECDE9EE0B68F94FB1F53', 'PreviousTxnLgrSeq': 14953021}}, {'ModifiedNode': {'FinalFields': {'Account': 'rMW3PfhAA1AAY6C5m2rEvGLb9PKjqRDdEJ', 'Balance': '999799976', 'Flags': 0, 'OwnerCount': 0, 'Sequence': 14953019}, 'LedgerEntryType': 'AccountRoot', 'LedgerIndex': 'DFBB4D71AEE8FF9959BABE3960735C07673A0C1A5272338D78F7D85D94CEB6CB', 'PreviousFields': {'Balance': '999899988', 'Sequence': 14953018}, 'PreviousTxnID': '316CE9EED259E8C8422F27EEF7750E3B27DE8D729A8BECDE9EE0B68F94FB1F53', 'PreviousTxnLgrSeq': 14953021}}], 'TransactionIndex': 0, 'TransactionResult': 'tesSUCCESS', 'delivered_amount': '100000'}, 'status': 'closed', 'transaction': {'Account': 'rMW3PfhAA1AAY6C5m2rEvGLb9PKjqRDdEJ', 'Amount': '100000', 'Destination': 'rfs2EXpCMVJ6S8PX872AUuGbhxPW4e4fYu', 'Fee': '12', 'Flags': 2147483648, 'LastLedgerSequence': 14953141, 'Sequence': 14953018, 'SigningPubKey': '032DD38106D203F3F877F27FC8491C80DB8D1AFDA38A998A983D4475608674DA19', 'TransactionType': 'Payment', 'TxnSignature': '304402201F9442D48A786116C044BF57AF467C7DB77E7CC39558CE6C4B0135FA71346C7E022001DEF304C9F76D6EBA5EFD0596DFF02F0A0EC1F7FDB280DEC9F4A12799E3E8EA', 'date': 666653992, 'hash': '1F204072E950648A441638E585122F2234CFED2F3BFF425F1E063A87F35D67F5'}, 'type': 'transaction', 'validated': True}
XRPL_TESTNET | xrpl_socket.py | 109 | 2021-02-14 21:39:57,071 | INFO | Ledger Stream Response: Starting Ledger Index =  14953132
XRPL_TESTNET | xrpl_socket.py | 110 | 2021-02-14 21:39:57,082 | INFO | Ledger Stream Response: Current Ledger Index =  14953141
XRPL_TESTNET | xrpl_socket.py | 109 | 2021-02-14 21:40:00,078 | INFO | Ledger Stream Response: Starting Ledger Index =  14953132
XRPL_TESTNET | xrpl_socket.py | 110 | 2021-02-14 21:40:00,083 | INFO | Ledger Stream Response: Current Ledger Index =  14953142
XRPL_TESTNET | xrpl_socket.py | 109 | 2021-02-14 21:40:03,071 | INFO | Ledger Stream Response: Starting Ledger Index =  14953132
XRPL_TESTNET | xrpl_socket.py | 110 | 2021-02-14 21:40:03,077 | INFO | Ledger Stream Response: Current Ledger Index =  14953143
XRPL_TESTNET | xrpl_socket.py | 109 | 2021-02-14 21:40:06,068 | INFO | Ledger Stream Response: Starting Ledger Index =  14953132
XRPL_TESTNET | xrpl_socket.py | 110 | 2021-02-14 21:40:06,073 | INFO | Ledger Stream Response: Current Ledger Index =  14953144
XRPL_TESTNET | xrpl_socket.py | 109 | 2021-02-14 21:40:09,080 | INFO | Ledger Stream Response: Starting Ledger Index =  14953132
XRPL_TESTNET | xrpl_socket.py | 110 | 2021-02-14 21:40:09,086 | INFO | Ledger Stream Response: Current Ledger Index =  14953145
XRPL_TESTNET | xrpl_socket.py | 109 | 2021-02-14 21:40:12,073 | INFO | Ledger Stream Response: Starting Ledger Index =  14953132
XRPL_TESTNET | xrpl_socket.py | 110 | 2021-02-14 21:40:12,079 | INFO | Ledger Stream Response: Current Ledger Index =  14953146
XRPL_TESTNET | xrpl_socket.py | 109 | 2021-02-14 21:40:15,074 | INFO | Ledger Stream Response: Starting Ledger Index =  14953132
XRPL_TESTNET | xrpl_socket.py | 110 | 2021-02-14 21:40:15,079 | INFO | Ledger Stream Response: Current Ledger Index =  14953147
XRPL_TESTNET | xrpl_socket.py | 109 | 2021-02-14 21:40:18,094 | INFO | Ledger Stream Response: Starting Ledger Index =  14953132
XRPL_TESTNET | xrpl_socket.py | 110 | 2021-02-14 21:40:18,099 | INFO | Ledger Stream Response: Current Ledger Index =  14953148
XRPL_TESTNET | xrpl_socket.py | 109 | 2021-02-14 21:40:21,087 | INFO | Ledger Stream Response: Starting Ledger Index =  14953132
XRPL_TESTNET | xrpl_socket.py | 110 | 2021-02-14 21:40:21,098 | INFO | Ledger Stream Response: Current Ledger Index =  14953149
XRPL_TESTNET | xrpl_socket.py | 109 | 2021-02-14 21:40:24,077 | INFO | Ledger Stream Response: Starting Ledger Index =  14953132
XRPL_TESTNET | xrpl_socket.py | 110 | 2021-02-14 21:40:24,083 | INFO | Ledger Stream Response: Current Ledger Index =  14953150
